13:10:20 **** Clean-only build of configuration Debug for project output ****
make clean 
rm -rf ./src/Simulation.d ./src/Simulation.o
rm -rf Simulation
 
13:21:27 **** Incremental Build of configuration Debug for project ADR ****
make all 
Building file: ../src/ADR.cpp
Invoking: GCC C++ Compiler
g++ -O0 -g3 -Wall -c -fmessage-length=0 -MMD -MP -MF"src/ADR.d" -MT"src/ADR.o" -o "src/ADR.o" "../src/ADR.cpp"
Finished building: ../src/ADR.cpp
 
Building file: ../src/main.cpp
Invoking: GCC C++ Compiler
g++ -O0 -g3 -Wall -c -fmessage-length=0 -MMD -MP -MF"src/main.d" -MT"src/main.o" -o "src/main.o" "../src/main.cpp"
Finished building: ../src/main.cpp
 
Building target: ADR
Invoking: GCC C++ Linker
g++  -o "ADR" ./src/ADR.o ./src/main.o    -lmosquitto
Finished building target: ADR
 
13:21:28 **** Incremental Build of configuration Debug for project Sensors ****
make all 
Building file: ../src/main.cpp
Invoking: GCC C++ Compiler
g++ -O0 -g3 -Wall -c -fmessage-length=0 -MMD -MP -MF"src/main.d" -MT"src/main.o" -o "src/main.o" "../src/main.cpp"
Finished building: ../src/main.cpp
 
Building target: Sensors
Invoking: GCC C++ Linker
g++  -o "Sensors" ./src/GPSSensor.o ./src/GyroscopeSensor.o ./src/SensorFile.o ./src/SpeedometerSensor.o ./src/main.o    -lmosquitto
Finished building target: Sensors
 
13:21:29 **** Incremental Build of configuration Debug for project Simulation ****
make all 
Building file: ../src/main.cpp
Invoking: GCC C++ Compiler
g++ -O0 -g3 -Wall -c -fmessage-length=0 -MMD -MP -MF"src/main.d" -MT"src/main.o" -o "src/main.o" "../src/main.cpp"
Finished building: ../src/main.cpp
 
Building target: Simulation
Invoking: GCC C++ Linker
g++  -o "Simulation" ./src/main.o    -lmosquitto
Finished building target: Simulation
 
17:14:00 **** Incremental Build of configuration Debug for project ADR ****
make all 
Building file: ../src/main.cpp
Invoking: GCC C++ Compiler
g++ -O0 -g3 -Wall -c -fmessage-length=0 -MMD -MP -MF"src/main.d" -MT"src/main.o" -o "src/main.o" "../src/main.cpp"
Finished building: ../src/main.cpp
 
Building target: ADR
Invoking: GCC C++ Linker
g++  -o "ADR" ./src/ADR.o ./src/main.o    -lmosquitto
Finished building target: ADR
 
17:14:01 **** Incremental Build of configuration Debug for project Sensors ****
make all 
make: Nothing to be done for 'all'.
17:14:01 **** Incremental Build of configuration Debug for project Simulation ****
make all 
make: Nothing to be done for 'all'.
17:16:39 **** Incremental Build of configuration Debug for project ADR ****
make all 
make: Nothing to be done for 'all'.
17:16:39 **** Incremental Build of configuration Debug for project Sensors ****
make all 
make: Nothing to be done for 'all'.
17:16:39 **** Incremental Build of configuration Debug for project Simulation ****
make all 
Building file: ../src/main.cpp
Invoking: GCC C++ Compiler
g++ -O0 -g3 -Wall -c -fmessage-length=0 -MMD -MP -MF"src/main.d" -MT"src/main.o" -o "src/main.o" "../src/main.cpp"
Finished building: ../src/main.cpp
 
Building target: Simulation
Invoking: GCC C++ Linker
g++  -o "Simulation" ./src/main.o    -lmosquitto
Finished building target: Simulation
 
17:19:19 **** Incremental Build of configuration Debug for project ADR ****
make all 
make: Nothing to be done for 'all'.
17:19:19 **** Incremental Build of configuration Debug for project Sensors ****
make all 
Building file: ../src/main.cpp
Invoking: GCC C++ Compiler
g++ -O0 -g3 -Wall -c -fmessage-length=0 -MMD -MP -MF"src/main.d" -MT"src/main.o" -o "src/main.o" "../src/main.cpp"
Finished building: ../src/main.cpp
 
Building target: Sensors
Invoking: GCC C++ Linker
g++  -o "Sensors" ./src/GPSSensor.o ./src/GyroscopeSensor.o ./src/SensorFile.o ./src/SpeedometerSensor.o ./src/main.o    -lmosquitto
Finished building target: Sensors
 
17:19:20 **** Incremental Build of configuration Debug for project Simulation ****
make all 
make: Nothing to be done for 'all'.
17:19:25 **** Incremental Build of configuration Debug for project ADR ****
make all 
make: Nothing to be done for 'all'.
17:19:26 **** Incremental Build of configuration Debug for project Sensors ****
make all 
make: Nothing to be done for 'all'.
17:19:26 **** Incremental Build of configuration Debug for project Simulation ****
make all 
make: Nothing to be done for 'all'.
17:21:02 **** Incremental Build of configuration Debug for project ADR ****
make all 
make: Nothing to be done for 'all'.
17:21:02 **** Incremental Build of configuration Debug for project Sensors ****
make all 
make: Nothing to be done for 'all'.
17:21:03 **** Incremental Build of configuration Debug for project Simulation ****
make all 
Building file: ../src/main.cpp
Invoking: GCC C++ Compiler
g++ -O0 -g3 -Wall -c -fmessage-length=0 -MMD -MP -MF"src/main.d" -MT"src/main.o" -o "src/main.o" "../src/main.cpp"
Finished building: ../src/main.cpp
 
Building target: Simulation
Invoking: GCC C++ Linker
g++  -o "Simulation" ./src/main.o    -lmosquitto
Finished building target: Simulation
 
17:21:42 **** Incremental Build of configuration Debug for project ADR ****
make all 
make: Nothing to be done for 'all'.
17:21:43 **** Incremental Build of configuration Debug for project Sensors ****
make all 
make: Nothing to be done for 'all'.
17:21:43 **** Incremental Build of configuration Debug for project Simulation ****
make all 
Building file: ../src/main.cpp
Invoking: GCC C++ Compiler
g++ -O0 -g3 -Wall -c -fmessage-length=0 -MMD -MP -MF"src/main.d" -MT"src/main.o" -o "src/main.o" "../src/main.cpp"
Finished building: ../src/main.cpp
 
Building target: Simulation
Invoking: GCC C++ Linker
g++  -o "Simulation" ./src/main.o    -lmosquitto
Finished building target: Simulation
 
17:24:06 **** Incremental Build of configuration Debug for project ADR ****
make all 
make: Nothing to be done for 'all'.
17:24:06 **** Incremental Build of configuration Debug for project Sensors ****
make all 
Building file: ../src/main.cpp
Invoking: GCC C++ Compiler
g++ -O0 -g3 -Wall -c -fmessage-length=0 -MMD -MP -MF"src/main.d" -MT"src/main.o" -o "src/main.o" "../src/main.cpp"
Finished building: ../src/main.cpp
 
Building target: Sensors
Invoking: GCC C++ Linker
g++  -o "Sensors" ./src/GPSSensor.o ./src/GyroscopeSensor.o ./src/SensorFile.o ./src/SpeedometerSensor.o ./src/main.o    -lmosquitto
Finished building target: Sensors
 
17:24:07 **** Incremental Build of configuration Debug for project Simulation ****
make all 
Building file: ../src/main.cpp
Invoking: GCC C++ Compiler
g++ -O0 -g3 -Wall -c -fmessage-length=0 -MMD -MP -MF"src/main.d" -MT"src/main.o" -o "src/main.o" "../src/main.cpp"
Finished building: ../src/main.cpp
 
Building target: Simulation
Invoking: GCC C++ Linker
g++  -o "Simulation" ./src/main.o    -lmosquitto
Finished building target: Simulation
 
17:39:27 **** Incremental Build of configuration Debug for project ADR ****
make all 
Building file: ../src/main.cpp
Invoking: GCC C++ Compiler
g++ -O0 -g3 -Wall -c -fmessage-length=0 -MMD -MP -MF"src/main.d" -MT"src/main.o" -o "src/main.o" "../src/main.cpp"
Finished building: ../src/main.cpp
 
Building target: ADR
Invoking: GCC C++ Linker
g++  -o "ADR" ./src/ADR.o ./src/main.o    -lmosquitto
Finished building target: ADR
 
17:39:28 **** Incremental Build of configuration Debug for project Sensors ****
make all 
make: Nothing to be done for 'all'.
17:39:28 **** Incremental Build of configuration Debug for project Simulation ****
make all 
make: Nothing to be done for 'all'.
17:40:48 **** Incremental Build of configuration Debug for project ADR ****
make all 
make: Nothing to be done for 'all'.
17:40:48 **** Incremental Build of configuration Debug for project Sensors ****
make all 
make: Nothing to be done for 'all'.
17:40:48 **** Incremental Build of configuration Debug for project Simulation ****
make all 
Building file: ../src/main.cpp
Invoking: GCC C++ Compiler
g++ -O0 -g3 -Wall -c -fmessage-length=0 -MMD -MP -MF"src/main.d" -MT"src/main.o" -o "src/main.o" "../src/main.cpp"
Finished building: ../src/main.cpp
 
Building target: Simulation
Invoking: GCC C++ Linker
g++  -o "Simulation" ./src/main.o    -lmosquitto
Finished building target: Simulation
 
17:51:46 **** Incremental Build of configuration Debug for project ADR ****
make all 
Building file: ../src/ADR.cpp
Invoking: GCC C++ Compiler
g++ -O0 -g3 -Wall -c -fmessage-length=0 -MMD -MP -MF"src/ADR.d" -MT"src/ADR.o" -o "src/ADR.o" "../src/ADR.cpp"
Finished building: ../src/ADR.cpp
 
Building target: ADR
Invoking: GCC C++ Linker
g++  -o "ADR" ./src/ADR.o ./src/main.o    -lmosquitto
Finished building target: ADR
 
17:51:47 **** Incremental Build of configuration Debug for project Sensors ****
make all 
make: Nothing to be done for 'all'.
17:51:47 **** Incremental Build of configuration Debug for project Simulation ****
make all 
make: Nothing to be done for 'all'.
17:52:59 **** Incremental Build of configuration Debug for project ADR ****
make all 
make: Nothing to be done for 'all'.
17:53:00 **** Incremental Build of configuration Debug for project Sensors ****
make all 
make: Nothing to be done for 'all'.
17:53:00 **** Incremental Build of configuration Debug for project Simulation ****
make all 
Building file: ../src/main.cpp
Invoking: GCC C++ Compiler
g++ -O0 -g3 -Wall -c -fmessage-length=0 -MMD -MP -MF"src/main.d" -MT"src/main.o" -o "src/main.o" "../src/main.cpp"
Finished building: ../src/main.cpp
 
Building target: Simulation
Invoking: GCC C++ Linker
g++  -o "Simulation" ./src/main.o    -lmosquitto
Finished building target: Simulation
 
20:15:29 **** Build of configuration Debug for project PSAP ****
make all 
Building file: ../src/BitStreamDecoder.cpp
Invoking: GCC C++ Compiler
g++ -O0 -g3 -Wall -c -fmessage-length=0 -MMD -MP -MF"src/BitStreamDecoder.d" -MT"src/BitStreamDecoder.o" -o "src/BitStreamDecoder.o" "../src/BitStreamDecoder.cpp"
Finished building: ../src/BitStreamDecoder.cpp
 
Building file: ../src/MSDDecoder.cpp
Invoking: GCC C++ Compiler
g++ -O0 -g3 -Wall -c -fmessage-length=0 -MMD -MP -MF"src/MSDDecoder.d" -MT"src/MSDDecoder.o" -o "src/MSDDecoder.o" "../src/MSDDecoder.cpp"
Finished building: ../src/MSDDecoder.cpp
 
Building file: ../src/Mobile.cpp
Invoking: GCC C++ Compiler
g++ -O0 -g3 -Wall -c -fmessage-length=0 -MMD -MP -MF"src/Mobile.d" -MT"src/Mobile.o" -o "src/Mobile.o" "../src/Mobile.cpp"
Finished building: ../src/Mobile.cpp
 
Building file: ../src/Serial.cpp
Invoking: GCC C++ Compiler
g++ -O0 -g3 -Wall -c -fmessage-length=0 -MMD -MP -MF"src/Serial.d" -MT"src/Serial.o" -o "src/Serial.o" "../src/Serial.cpp"
Finished building: ../src/Serial.cpp
 
Building file: ../src/Utilities.cpp
Invoking: GCC C++ Compiler
g++ -O0 -g3 -Wall -c -fmessage-length=0 -MMD -MP -MF"src/Utilities.d" -MT"src/Utilities.o" -o "src/Utilities.o" "../src/Utilities.cpp"
Finished building: ../src/Utilities.cpp
 
Building file: ../src/main.cpp
Invoking: GCC C++ Compiler
g++ -O0 -g3 -Wall -c -fmessage-length=0 -MMD -MP -MF"src/main.d" -MT"src/main.o" -o "src/main.o" "../src/main.cpp"
Finished building: ../src/main.cpp
 
Building target: PSAP
Invoking: GCC C++ Linker
g++  -o "PSAP" ./src/BitStreamDecoder.o ./src/MSDDecoder.o ./src/Mobile.o ./src/Serial.o ./src/Utilities.o ./src/main.o   
Finished building target: PSAP
 
20:15:47 **** Incremental Build of configuration Debug for project PSAP ****
make all 
make: Nothing to be done for 'all'.
20:46:41 **** Build of configuration Debug for project ECALL ****
make all 
Building file: ../src/BitStreamEncoder.cpp
Invoking: GCC C++ Compiler
g++ -O0 -g3 -Wall -c -fmessage-length=0 -MMD -MP -MF"src/BitStreamEncoder.d" -MT"src/BitStreamEncoder.o" -o "src/BitStreamEncoder.o" "../src/BitStreamEncoder.cpp"
Finished building: ../src/BitStreamEncoder.cpp
 
Building file: ../src/MSDEncoder.cpp
Invoking: GCC C++ Compiler
g++ -O0 -g3 -Wall -c -fmessage-length=0 -MMD -MP -MF"src/MSDEncoder.d" -MT"src/MSDEncoder.o" -o "src/MSDEncoder.o" "../src/MSDEncoder.cpp"
Finished building: ../src/MSDEncoder.cpp
 
Building file: ../src/MessageQueue.cpp
Invoking: GCC C++ Compiler
g++ -O0 -g3 -Wall -c -fmessage-length=0 -MMD -MP -MF"src/MessageQueue.d" -MT"src/MessageQueue.o" -o "src/MessageQueue.o" "../src/MessageQueue.cpp"
Finished building: ../src/MessageQueue.cpp
 
Building file: ../src/Mobile.cpp
Invoking: GCC C++ Compiler
g++ -O0 -g3 -Wall -c -fmessage-length=0 -MMD -MP -MF"src/Mobile.d" -MT"src/Mobile.o" -o "src/Mobile.o" "../src/Mobile.cpp"
Finished building: ../src/Mobile.cpp
 
Building file: ../src/Serial.cpp
Invoking: GCC C++ Compiler
g++ -O0 -g3 -Wall -c -fmessage-length=0 -MMD -MP -MF"src/Serial.d" -MT"src/Serial.o" -o "src/Serial.o" "../src/Serial.cpp"
Finished building: ../src/Serial.cpp
 
Building file: ../src/Utilities.cpp
Invoking: GCC C++ Compiler
g++ -O0 -g3 -Wall -c -fmessage-length=0 -MMD -MP -MF"src/Utilities.d" -MT"src/Utilities.o" -o "src/Utilities.o" "../src/Utilities.cpp"
Finished building: ../src/Utilities.cpp
 
Building file: ../src/main.cpp
Invoking: GCC C++ Compiler
g++ -O0 -g3 -Wall -c -fmessage-length=0 -MMD -MP -MF"src/main.d" -MT"src/main.o" -o "src/main.o" "../src/main.cpp"
Finished building: ../src/main.cpp
 
Building target: ECALL
Invoking: GCC C++ Linker
g++  -o "ECALL" ./src/BitStreamEncoder.o ./src/MSDEncoder.o ./src/MessageQueue.o ./src/Mobile.o ./src/Serial.o ./src/Utilities.o ./src/main.o    -lmosquitto
Finished building target: ECALL
 
22:19:27 **** Incremental Build of configuration Debug for project ECALL ****
make all 
Building file: ../src/BitStreamEncoder.cpp
Invoking: GCC C++ Compiler
g++ -O0 -g3 -Wall -c -fmessage-length=0 -MMD -MP -MF"src/BitStreamEncoder.d" -MT"src/BitStreamEncoder.o" -o "src/BitStreamEncoder.o" "../src/BitStreamEncoder.cpp"
Finished building: ../src/BitStreamEncoder.cpp
 
Building file: ../src/MSDEncoder.cpp
Invoking: GCC C++ Compiler
g++ -O0 -g3 -Wall -c -fmessage-length=0 -MMD -MP -MF"src/MSDEncoder.d" -MT"src/MSDEncoder.o" -o "src/MSDEncoder.o" "../src/MSDEncoder.cpp"
Finished building: ../src/MSDEncoder.cpp
 
Building file: ../src/Mobile.cpp
Invoking: GCC C++ Compiler
g++ -O0 -g3 -Wall -c -fmessage-length=0 -MMD -MP -MF"src/Mobile.d" -MT"src/Mobile.o" -o "src/Mobile.o" "../src/Mobile.cpp"
Finished building: ../src/Mobile.cpp
 
Building file: ../src/Serial.cpp
Invoking: GCC C++ Compiler
g++ -O0 -g3 -Wall -c -fmessage-length=0 -MMD -MP -MF"src/Serial.d" -MT"src/Serial.o" -o "src/Serial.o" "../src/Serial.cpp"
Finished building: ../src/Serial.cpp
 
Building file: ../src/Utilities.cpp
Invoking: GCC C++ Compiler
g++ -O0 -g3 -Wall -c -fmessage-length=0 -MMD -MP -MF"src/Utilities.d" -MT"src/Utilities.o" -o "src/Utilities.o" "../src/Utilities.cpp"
Finished building: ../src/Utilities.cpp
 
Building file: ../src/main.cpp
Invoking: GCC C++ Compiler
g++ -O0 -g3 -Wall -c -fmessage-length=0 -MMD -MP -MF"src/main.d" -MT"src/main.o" -o "src/main.o" "../src/main.cpp"
Finished building: ../src/main.cpp
 
Building target: ECALL
Invoking: GCC C++ Linker
g++  -o "ECALL" ./src/BitStreamEncoder.o ./src/MSDEncoder.o ./src/Mobile.o ./src/Serial.o ./src/Utilities.o ./src/main.o    -lmosquitto
Finished building target: ECALL
 
22:20:01 **** Incremental Build of configuration Debug for project ECALL ****
make all 
Building file: ../src/main.cpp
Invoking: GCC C++ Compiler
g++ -O0 -g3 -Wall -c -fmessage-length=0 -MMD -MP -MF"src/main.d" -MT"src/main.o" -o "src/main.o" "../src/main.cpp"
Finished building: ../src/main.cpp
 
Building target: ECALL
Invoking: GCC C++ Linker
g++  -o "ECALL" ./src/BitStreamEncoder.o ./src/MSDEncoder.o ./src/Mobile.o ./src/Serial.o ./src/Utilities.o ./src/main.o    -lmosquitto
Finished building target: ECALL
 
22:47:23 **** Incremental Build of configuration Debug for project ECALL ****
make all 
Building file: ../src/main.cpp
Invoking: GCC C++ Compiler
g++ -O0 -g3 -Wall -c -fmessage-length=0 -MMD -MP -MF"src/main.d" -MT"src/main.o" -o "src/main.o" "../src/main.cpp"
../src/main.cpp: In function ‘int main()’:
../src/main.cpp:111:48: warning: enumeration value ‘SOS_IDLE’ not handled in switch [-Wswitch]
  111 |                                         switch (currentSOS) {
      |                                                ^
Finished building: ../src/main.cpp
 
Building target: ECALL
Invoking: GCC C++ Linker
g++  -o "ECALL" ./src/BitStreamEncoder.o ./src/MSDEncoder.o ./src/Mobile.o ./src/Serial.o ./src/Utilities.o ./src/main.o    -lmosquitto
Finished building target: ECALL
 
22:48:11 **** Incremental Build of configuration Debug for project ECALL ****
make all 
Building file: ../src/main.cpp
Invoking: GCC C++ Compiler
g++ -O0 -g3 -Wall -c -fmessage-length=0 -MMD -MP -MF"src/main.d" -MT"src/main.o" -o "src/main.o" "../src/main.cpp"
Finished building: ../src/main.cpp
 
Building target: ECALL
Invoking: GCC C++ Linker
g++  -o "ECALL" ./src/BitStreamEncoder.o ./src/MSDEncoder.o ./src/Mobile.o ./src/Serial.o ./src/Utilities.o ./src/main.o    -lmosquitto
Finished building target: ECALL
 
22:51:19 **** Incremental Build of configuration Debug for project ECALL ****
make all 
Building file: ../src/Mobile.cpp
Invoking: GCC C++ Compiler
g++ -O0 -g3 -Wall -c -fmessage-length=0 -MMD -MP -MF"src/Mobile.d" -MT"src/Mobile.o" -o "src/Mobile.o" "../src/Mobile.cpp"
Finished building: ../src/Mobile.cpp
 
Building file: ../src/Serial.cpp
Invoking: GCC C++ Compiler
g++ -O0 -g3 -Wall -c -fmessage-length=0 -MMD -MP -MF"src/Serial.d" -MT"src/Serial.o" -o "src/Serial.o" "../src/Serial.cpp"
Finished building: ../src/Serial.cpp
 
Building file: ../src/main.cpp
Invoking: GCC C++ Compiler
g++ -O0 -g3 -Wall -c -fmessage-length=0 -MMD -MP -MF"src/main.d" -MT"src/main.o" -o "src/main.o" "../src/main.cpp"
Finished building: ../src/main.cpp
 
Building target: ECALL
Invoking: GCC C++ Linker
g++  -o "ECALL" ./src/BitStreamEncoder.o ./src/MSDEncoder.o ./src/Mobile.o ./src/Serial.o ./src/Utilities.o ./src/main.o    -lmosquitto
Finished building target: ECALL
 
22:56:25 **** Incremental Build of configuration Debug for project ECALL ****
make all 
Building file: ../src/main.cpp
Invoking: GCC C++ Compiler
g++ -O0 -g3 -Wall -c -fmessage-length=0 -MMD -MP -MF"src/main.d" -MT"src/main.o" -o "src/main.o" "../src/main.cpp"
Finished building: ../src/main.cpp
 
Building target: ECALL
Invoking: GCC C++ Linker
g++  -o "ECALL" ./src/BitStreamEncoder.o ./src/MSDEncoder.o ./src/Mobile.o ./src/Serial.o ./src/Utilities.o ./src/main.o    -lmosquitto
Finished building target: ECALL
 
23:37:03 **** Incremental Build of configuration Debug for project ECALL ****
make all 
Building file: ../src/main.cpp
Invoking: GCC C++ Compiler
g++ -O0 -g3 -Wall -c -fmessage-length=0 -MMD -MP -MF"src/main.d" -MT"src/main.o" -o "src/main.o" "../src/main.cpp"
Finished building: ../src/main.cpp
 
Building target: ECALL
Invoking: GCC C++ Linker
g++  -o "ECALL" ./src/BitStreamEncoder.o ./src/MSDEncoder.o ./src/Mobile.o ./src/Serial.o ./src/Utilities.o ./src/main.o    -lmosquitto
Finished building target: ECALL
 
23:37:04 **** Build of configuration Debug for project Sensors ****
make all 
make: Nothing to be done for 'all'.
23:37:04 **** Build of configuration Debug for project Simulation ****
make all 
Building file: ../src/main.cpp
Invoking: GCC C++ Compiler
g++ -O0 -g3 -Wall -c -fmessage-length=0 -MMD -MP -MF"src/main.d" -MT"src/main.o" -o "src/main.o" "../src/main.cpp"
Finished building: ../src/main.cpp
 
Building target: Simulation
Invoking: GCC C++ Linker
g++  -o "Simulation" ./src/main.o    -lmosquitto
Finished building target: Simulation
 
23:38:52 **** Build of configuration Debug for project ADR ****
make all 
Building file: ../src/ADR.cpp
Invoking: GCC C++ Compiler
g++ -O0 -g3 -Wall -c -fmessage-length=0 -MMD -MP -MF"src/ADR.d" -MT"src/ADR.o" -o "src/ADR.o" "../src/ADR.cpp"
Finished building: ../src/ADR.cpp
 
Building file: ../src/main.cpp
Invoking: GCC C++ Compiler
g++ -O0 -g3 -Wall -c -fmessage-length=0 -MMD -MP -MF"src/main.d" -MT"src/main.o" -o "src/main.o" "../src/main.cpp"
Finished building: ../src/main.cpp
 
Building target: ADR
Invoking: GCC C++ Linker
g++  -o "ADR" ./src/ADR.o ./src/main.o    -lmosquitto
Finished building target: ADR
 
23:38:53 **** Incremental Build of configuration Debug for project ECALL ****
make all 
make: Nothing to be done for 'all'.
23:38:54 **** Incremental Build of configuration Debug for project Sensors ****
make all 
make: Nothing to be done for 'all'.
23:38:54 **** Incremental Build of configuration Debug for project Simulation ****
make all 
make: Nothing to be done for 'all'.
23:44:04 **** Incremental Build of configuration Debug for project ADR ****
make all 
make: Nothing to be done for 'all'.
23:44:04 **** Incremental Build of configuration Debug for project ECALL ****
make all 
Building file: ../src/main.cpp
Invoking: GCC C++ Compiler
g++ -O0 -g3 -Wall -c -fmessage-length=0 -MMD -MP -MF"src/main.d" -MT"src/main.o" -o "src/main.o" "../src/main.cpp"
../src/main.cpp: In function ‘int main()’:
../src/main.cpp:101:39: error: ‘msd’ was not declared in this scope
  101 |         string emergencyPhoneNumber = msd.getEmergencyPhoneNumber();
      |                                       ^~~
make: *** [src/subdir.mk:35: src/main.o] Error 1
"make all" terminated with exit code 2. Build might be incomplete.
23:44:05 **** Incremental Build of configuration Debug for project Sensors ****
make all 
make: Nothing to be done for 'all'.
23:44:05 **** Incremental Build of configuration Debug for project Simulation ****
make all 
make: Nothing to be done for 'all'.
23:44:22 **** Incremental Build of configuration Debug for project ADR ****
make all 
make: Nothing to be done for 'all'.
23:44:22 **** Incremental Build of configuration Debug for project ECALL ****
make all 
Building file: ../src/main.cpp
Invoking: GCC C++ Compiler
g++ -O0 -g3 -Wall -c -fmessage-length=0 -MMD -MP -MF"src/main.d" -MT"src/main.o" -o "src/main.o" "../src/main.cpp"
Finished building: ../src/main.cpp
 
Building target: ECALL
Invoking: GCC C++ Linker
g++  -o "ECALL" ./src/BitStreamEncoder.o ./src/MSDEncoder.o ./src/Mobile.o ./src/Serial.o ./src/Utilities.o ./src/main.o    -lmosquitto
Finished building target: ECALL
 
23:44:23 **** Incremental Build of configuration Debug for project Sensors ****
make all 
make: Nothing to be done for 'all'.
23:44:23 **** Incremental Build of configuration Debug for project Simulation ****
make all 
make: Nothing to be done for 'all'.
23:45:41 **** Incremental Build of configuration Debug for project ADR ****
make all 
make: Nothing to be done for 'all'.
23:45:42 **** Incremental Build of configuration Debug for project ECALL ****
make all 
make: Nothing to be done for 'all'.
23:45:42 **** Incremental Build of configuration Debug for project Sensors ****
make all 
Building file: ../src/main.cpp
Invoking: GCC C++ Compiler
g++ -O0 -g3 -Wall -c -fmessage-length=0 -MMD -MP -MF"src/main.d" -MT"src/main.o" -o "src/main.o" "../src/main.cpp"
Finished building: ../src/main.cpp
 
Building target: Sensors
Invoking: GCC C++ Linker
g++  -o "Sensors" ./src/GPSSensor.o ./src/GyroscopeSensor.o ./src/SensorFile.o ./src/SpeedometerSensor.o ./src/main.o    -lmosquitto
Finished building target: Sensors
 
23:45:42 **** Incremental Build of configuration Debug for project Simulation ****
make all 
make: Nothing to be done for 'all'.
23:53:22 **** Incremental Build of configuration Debug for project ADR ****
make all 
Building file: ../src/main.cpp
Invoking: GCC C++ Compiler
g++ -O0 -g3 -Wall -c -fmessage-length=0 -MMD -MP -MF"src/main.d" -MT"src/main.o" -o "src/main.o" "../src/main.cpp"
Finished building: ../src/main.cpp
 
Building target: ADR
Invoking: GCC C++ Linker
g++  -o "ADR" ./src/ADR.o ./src/main.o    -lmosquitto
Finished building target: ADR
 
23:53:23 **** Incremental Build of configuration Debug for project ECALL ****
make all 
Building file: ../src/main.cpp
Invoking: GCC C++ Compiler
g++ -O0 -g3 -Wall -c -fmessage-length=0 -MMD -MP -MF"src/main.d" -MT"src/main.o" -o "src/main.o" "../src/main.cpp"
Finished building: ../src/main.cpp
 
Building target: ECALL
Invoking: GCC C++ Linker
g++  -o "ECALL" ./src/BitStreamEncoder.o ./src/MSDEncoder.o ./src/Mobile.o ./src/Serial.o ./src/Utilities.o ./src/main.o    -lmosquitto
Finished building target: ECALL
 
23:53:24 **** Incremental Build of configuration Debug for project Sensors ****
make all 
Building file: ../src/main.cpp
Invoking: GCC C++ Compiler
g++ -O0 -g3 -Wall -c -fmessage-length=0 -MMD -MP -MF"src/main.d" -MT"src/main.o" -o "src/main.o" "../src/main.cpp"
Finished building: ../src/main.cpp
 
Building target: Sensors
Invoking: GCC C++ Linker
g++  -o "Sensors" ./src/GPSSensor.o ./src/GyroscopeSensor.o ./src/SensorFile.o ./src/SpeedometerSensor.o ./src/main.o    -lmosquitto
Finished building target: Sensors
 
23:53:24 **** Incremental Build of configuration Debug for project Simulation ****
make all 
make: Nothing to be done for 'all'.
23:58:15 **** Incremental Build of configuration Debug for project ADR ****
make all 
Building file: ../src/ADR.cpp
Invoking: GCC C++ Compiler
g++ -O0 -g3 -Wall -c -fmessage-length=0 -MMD -MP -MF"src/ADR.d" -MT"src/ADR.o" -o "src/ADR.o" "../src/ADR.cpp"
Finished building: ../src/ADR.cpp
 
Building target: ADR
Invoking: GCC C++ Linker
g++  -o "ADR" ./src/ADR.o ./src/main.o    -lmosquitto
Finished building target: ADR
 
23:58:16 **** Incremental Build of configuration Debug for project ECALL ****
make all 
make: Nothing to be done for 'all'.
23:58:16 **** Incremental Build of configuration Debug for project Sensors ****
make all 
make: Nothing to be done for 'all'.
23:58:16 **** Incremental Build of configuration Debug for project Simulation ****
make all 
Building file: ../src/main.cpp
Invoking: GCC C++ Compiler
g++ -O0 -g3 -Wall -c -fmessage-length=0 -MMD -MP -MF"src/main.d" -MT"src/main.o" -o "src/main.o" "../src/main.cpp"
Finished building: ../src/main.cpp
 
Building target: Simulation
Invoking: GCC C++ Linker
g++  -o "Simulation" ./src/main.o    -lmosquitto
Finished building target: Simulation
 
00:03:54 **** Incremental Build of configuration Debug for project ADR ****
make all 
make: Nothing to be done for 'all'.
00:03:54 **** Incremental Build of configuration Debug for project ECALL ****
make all 
make: Nothing to be done for 'all'.
00:03:54 **** Build of configuration Debug for project PSAP ****
make all 
Building file: ../src/Mobile.cpp
Invoking: GCC C++ Compiler
g++ -O0 -g3 -Wall -c -fmessage-length=0 -MMD -MP -MF"src/Mobile.d" -MT"src/Mobile.o" -o "src/Mobile.o" "../src/Mobile.cpp"
Finished building: ../src/Mobile.cpp
 
Building file: ../src/Serial.cpp
Invoking: GCC C++ Compiler
g++ -O0 -g3 -Wall -c -fmessage-length=0 -MMD -MP -MF"src/Serial.d" -MT"src/Serial.o" -o "src/Serial.o" "../src/Serial.cpp"
Finished building: ../src/Serial.cpp
 
Building file: ../src/main.cpp
Invoking: GCC C++ Compiler
g++ -O0 -g3 -Wall -c -fmessage-length=0 -MMD -MP -MF"src/main.d" -MT"src/main.o" -o "src/main.o" "../src/main.cpp"
Finished building: ../src/main.cpp
 
Building target: PSAP
Invoking: GCC C++ Linker
g++  -o "PSAP" ./src/BitStreamDecoder.o ./src/MSDDecoder.o ./src/Mobile.o ./src/Serial.o ./src/Utilities.o ./src/main.o   
Finished building target: PSAP
 
00:03:56 **** Incremental Build of configuration Debug for project Sensors ****
make all 
make: Nothing to be done for 'all'.
00:03:56 **** Incremental Build of configuration Debug for project Simulation ****
make all 
make: Nothing to be done for 'all'.
00:06:27 **** Incremental Build of configuration Debug for project ADR ****
make all 
make: Nothing to be done for 'all'.
00:06:27 **** Incremental Build of configuration Debug for project ECALL ****
make all 
make: Nothing to be done for 'all'.
00:06:27 **** Incremental Build of configuration Debug for project PSAP ****
make all 
make: Nothing to be done for 'all'.
00:06:28 **** Incremental Build of configuration Debug for project Sensors ****
make all 
make: Nothing to be done for 'all'.
00:06:28 **** Incremental Build of configuration Debug for project Simulation ****
make all 
make: Nothing to be done for 'all'.
00:16:15 **** Incremental Build of configuration Debug for project ADR ****
make all 
make: Nothing to be done for 'all'.
00:16:15 **** Incremental Build of configuration Debug for project ECALL ****
make all 
make: Nothing to be done for 'all'.
00:16:15 **** Incremental Build of configuration Debug for project PSAP ****
make all 
Building file: ../src/Mobile.cpp
Invoking: GCC C++ Compiler
g++ -O0 -g3 -Wall -c -fmessage-length=0 -MMD -MP -MF"src/Mobile.d" -MT"src/Mobile.o" -o "src/Mobile.o" "../src/Mobile.cpp"
Finished building: ../src/Mobile.cpp
 
Building file: ../src/Serial.cpp
Invoking: GCC C++ Compiler
g++ -O0 -g3 -Wall -c -fmessage-length=0 -MMD -MP -MF"src/Serial.d" -MT"src/Serial.o" -o "src/Serial.o" "../src/Serial.cpp"
Finished building: ../src/Serial.cpp
 
Building file: ../src/main.cpp
Invoking: GCC C++ Compiler
g++ -O0 -g3 -Wall -c -fmessage-length=0 -MMD -MP -MF"src/main.d" -MT"src/main.o" -o "src/main.o" "../src/main.cpp"
Finished building: ../src/main.cpp
 
Building target: PSAP
Invoking: GCC C++ Linker
g++  -o "PSAP" ./src/BitStreamDecoder.o ./src/MSDDecoder.o ./src/Mobile.o ./src/Serial.o ./src/Utilities.o ./src/main.o   
Finished building target: PSAP
 
00:16:16 **** Incremental Build of configuration Debug for project Sensors ****
make all 
make: Nothing to be done for 'all'.
00:16:17 **** Incremental Build of configuration Debug for project Simulation ****
make all 
make: Nothing to be done for 'all'.
01:10:33 **** Incremental Build of configuration Debug for project ECALL ****
make all 
Building file: ../src/BitStreamEncoder.cpp
Invoking: GCC C++ Compiler
g++ -O0 -g3 -Wall -c -fmessage-length=0 -MMD -MP -MF"src/BitStreamEncoder.d" -MT"src/BitStreamEncoder.o" -o "src/BitStreamEncoder.o" "../src/BitStreamEncoder.cpp"
Finished building: ../src/BitStreamEncoder.cpp
 
Building file: ../src/MSDEncoder.cpp
Invoking: GCC C++ Compiler
g++ -O0 -g3 -Wall -c -fmessage-length=0 -MMD -MP -MF"src/MSDEncoder.d" -MT"src/MSDEncoder.o" -o "src/MSDEncoder.o" "../src/MSDEncoder.cpp"
Finished building: ../src/MSDEncoder.cpp
 
Building file: ../src/Mobile.cpp
Invoking: GCC C++ Compiler
g++ -O0 -g3 -Wall -c -fmessage-length=0 -MMD -MP -MF"src/Mobile.d" -MT"src/Mobile.o" -o "src/Mobile.o" "../src/Mobile.cpp"
Finished building: ../src/Mobile.cpp
 
Building file: ../src/Serial.cpp
Invoking: GCC C++ Compiler
g++ -O0 -g3 -Wall -c -fmessage-length=0 -MMD -MP -MF"src/Serial.d" -MT"src/Serial.o" -o "src/Serial.o" "../src/Serial.cpp"
Finished building: ../src/Serial.cpp
 
Building file: ../src/Utilities.cpp
Invoking: GCC C++ Compiler
g++ -O0 -g3 -Wall -c -fmessage-length=0 -MMD -MP -MF"src/Utilities.d" -MT"src/Utilities.o" -o "src/Utilities.o" "../src/Utilities.cpp"
Finished building: ../src/Utilities.cpp
 
Building file: ../src/main.cpp
Invoking: GCC C++ Compiler
g++ -O0 -g3 -Wall -c -fmessage-length=0 -MMD -MP -MF"src/main.d" -MT"src/main.o" -o "src/main.o" "../src/main.cpp"
Finished building: ../src/main.cpp
 
Building target: ECALL
Invoking: GCC C++ Linker
g++  -o "ECALL" ./src/BitStreamEncoder.o ./src/MSDEncoder.o ./src/Mobile.o ./src/Serial.o ./src/Utilities.o ./src/main.o    -lmosquitto
Finished building target: ECALL
 
01:10:35 **** Incremental Build of configuration Debug for project PSAP ****
make all 
Building file: ../src/Mobile.cpp
Invoking: GCC C++ Compiler
g++ -O0 -g3 -Wall -c -fmessage-length=0 -MMD -MP -MF"src/Mobile.d" -MT"src/Mobile.o" -o "src/Mobile.o" "../src/Mobile.cpp"
Finished building: ../src/Mobile.cpp
 
Building file: ../src/Serial.cpp
Invoking: GCC C++ Compiler
g++ -O0 -g3 -Wall -c -fmessage-length=0 -MMD -MP -MF"src/Serial.d" -MT"src/Serial.o" -o "src/Serial.o" "../src/Serial.cpp"
Finished building: ../src/Serial.cpp
 
Building file: ../src/main.cpp
Invoking: GCC C++ Compiler
g++ -O0 -g3 -Wall -c -fmessage-length=0 -MMD -MP -MF"src/main.d" -MT"src/main.o" -o "src/main.o" "../src/main.cpp"
Finished building: ../src/main.cpp
 
Building target: PSAP
Invoking: GCC C++ Linker
g++  -o "PSAP" ./src/BitStreamDecoder.o ./src/MSDDecoder.o ./src/Mobile.o ./src/Serial.o ./src/Utilities.o ./src/main.o   
Finished building target: PSAP
 
01:10:37 **** Incremental Build of configuration Debug for project Sensors ****
make all 
make: Nothing to be done for 'all'.
01:10:37 **** Incremental Build of configuration Debug for project Simulation ****
make all 
make: Nothing to be done for 'all'.
01:22:06 **** Incremental Build of configuration Debug for project ECALL ****
make all 
Building file: ../src/main.cpp
Invoking: GCC C++ Compiler
g++ -O0 -g3 -Wall -c -fmessage-length=0 -MMD -MP -MF"src/main.d" -MT"src/main.o" -o "src/main.o" "../src/main.cpp"
Finished building: ../src/main.cpp
 
Building target: ECALL
Invoking: GCC C++ Linker
g++  -o "ECALL" ./src/BitStreamEncoder.o ./src/MSDEncoder.o ./src/Mobile.o ./src/Serial.o ./src/Utilities.o ./src/main.o    -lmosquitto
Finished building target: ECALL
 
01:22:07 **** Incremental Build of configuration Debug for project PSAP ****
make all 
make: Nothing to be done for 'all'.
01:22:08 **** Incremental Build of configuration Debug for project Sensors ****
make all 
make: Nothing to be done for 'all'.
01:22:08 **** Incremental Build of configuration Debug for project Simulation ****
make all 
make: Nothing to be done for 'all'.
01:22:27 **** Incremental Build of configuration Debug for project ECALL ****
make all 
make: Nothing to be done for 'all'.
01:22:27 **** Incremental Build of configuration Debug for project PSAP ****
make all 
make: Nothing to be done for 'all'.
01:22:27 **** Incremental Build of configuration Debug for project Sensors ****
make all 
make: Nothing to be done for 'all'.
01:22:28 **** Incremental Build of configuration Debug for project Simulation ****
make all 
make: Nothing to be done for 'all'.
01:26:13 **** Incremental Build of configuration Debug for project ECALL ****
make all 
Building file: ../src/Mobile.cpp
Invoking: GCC C++ Compiler
g++ -O0 -g3 -Wall -c -fmessage-length=0 -MMD -MP -MF"src/Mobile.d" -MT"src/Mobile.o" -o "src/Mobile.o" "../src/Mobile.cpp"
Finished building: ../src/Mobile.cpp
 
Building file: ../src/Serial.cpp
Invoking: GCC C++ Compiler
g++ -O0 -g3 -Wall -c -fmessage-length=0 -MMD -MP -MF"src/Serial.d" -MT"src/Serial.o" -o "src/Serial.o" "../src/Serial.cpp"
Finished building: ../src/Serial.cpp
 
Building file: ../src/main.cpp
Invoking: GCC C++ Compiler
g++ -O0 -g3 -Wall -c -fmessage-length=0 -MMD -MP -MF"src/main.d" -MT"src/main.o" -o "src/main.o" "../src/main.cpp"
Finished building: ../src/main.cpp
 
Building target: ECALL
Invoking: GCC C++ Linker
g++  -o "ECALL" ./src/BitStreamEncoder.o ./src/MSDEncoder.o ./src/Mobile.o ./src/Serial.o ./src/Utilities.o ./src/main.o    -lmosquitto
Finished building target: ECALL
 
01:26:14 **** Incremental Build of configuration Debug for project PSAP ****
make all 
make: Nothing to be done for 'all'.
01:26:14 **** Incremental Build of configuration Debug for project Sensors ****
make all 
make: Nothing to be done for 'all'.
01:26:15 **** Incremental Build of configuration Debug for project Simulation ****
make all 
make: Nothing to be done for 'all'.
01:28:18 **** Incremental Build of configuration Debug for project ECALL ****
make all 
Building file: ../src/main.cpp
Invoking: GCC C++ Compiler
g++ -O0 -g3 -Wall -c -fmessage-length=0 -MMD -MP -MF"src/main.d" -MT"src/main.o" -o "src/main.o" "../src/main.cpp"
Finished building: ../src/main.cpp
 
Building target: ECALL
Invoking: GCC C++ Linker
g++  -o "ECALL" ./src/BitStreamEncoder.o ./src/MSDEncoder.o ./src/Mobile.o ./src/Serial.o ./src/Utilities.o ./src/main.o    -lmosquitto
Finished building target: ECALL
 
01:28:19 **** Incremental Build of configuration Debug for project PSAP ****
make all 
make: Nothing to be done for 'all'.
01:28:19 **** Incremental Build of configuration Debug for project Sensors ****
make all 
make: Nothing to be done for 'all'.
01:28:20 **** Incremental Build of configuration Debug for project Simulation ****
make all 
make: Nothing to be done for 'all'.
01:29:53 **** Incremental Build of configuration Debug for project ECALL ****
make all 
Building file: ../src/main.cpp
Invoking: GCC C++ Compiler
g++ -O0 -g3 -Wall -c -fmessage-length=0 -MMD -MP -MF"src/main.d" -MT"src/main.o" -o "src/main.o" "../src/main.cpp"
Finished building: ../src/main.cpp
 
Building target: ECALL
Invoking: GCC C++ Linker
g++  -o "ECALL" ./src/BitStreamEncoder.o ./src/MSDEncoder.o ./src/Mobile.o ./src/Serial.o ./src/Utilities.o ./src/main.o    -lmosquitto
Finished building target: ECALL
 
01:29:54 **** Incremental Build of configuration Debug for project PSAP ****
make all 
make: Nothing to be done for 'all'.
01:29:54 **** Incremental Build of configuration Debug for project Sensors ****
make all 
make: Nothing to be done for 'all'.
01:29:54 **** Incremental Build of configuration Debug for project Simulation ****
make all 
make: Nothing to be done for 'all'.
01:31:03 **** Incremental Build of configuration Debug for project ECALL ****
make all 
Building file: ../src/main.cpp
Invoking: GCC C++ Compiler
g++ -O0 -g3 -Wall -c -fmessage-length=0 -MMD -MP -MF"src/main.d" -MT"src/main.o" -o "src/main.o" "../src/main.cpp"
Finished building: ../src/main.cpp
 
Building target: ECALL
Invoking: GCC C++ Linker
g++  -o "ECALL" ./src/BitStreamEncoder.o ./src/MSDEncoder.o ./src/Mobile.o ./src/Serial.o ./src/Utilities.o ./src/main.o    -lmosquitto
Finished building target: ECALL
 
01:31:04 **** Incremental Build of configuration Debug for project PSAP ****
make all 
make: Nothing to be done for 'all'.
01:31:04 **** Incremental Build of configuration Debug for project Sensors ****
make all 
make: Nothing to be done for 'all'.
01:31:04 **** Incremental Build of configuration Debug for project Simulation ****
make all 
make: Nothing to be done for 'all'.
01:34:18 **** Incremental Build of configuration Debug for project ECALL ****
make all 
make: Nothing to be done for 'all'.
01:34:18 **** Incremental Build of configuration Debug for project PSAP ****
make all 
make: Nothing to be done for 'all'.
01:34:19 **** Incremental Build of configuration Debug for project Sensors ****
make all 
make: Nothing to be done for 'all'.
01:34:19 **** Incremental Build of configuration Debug for project Simulation ****
make all 
Building file: ../src/main.cpp
Invoking: GCC C++ Compiler
g++ -O0 -g3 -Wall -c -fmessage-length=0 -MMD -MP -MF"src/main.d" -MT"src/main.o" -o "src/main.o" "../src/main.cpp"
Finished building: ../src/main.cpp
 
Building target: Simulation
Invoking: GCC C++ Linker
g++  -o "Simulation" ./src/main.o    -lmosquitto
Finished building target: Simulation
 
01:34:20 **** Incremental Build of configuration Debug for project ECALL ****
make all 
make: Nothing to be done for 'all'.
01:34:20 **** Incremental Build of configuration Debug for project PSAP ****
make all 
make: Nothing to be done for 'all'.
01:34:20 **** Incremental Build of configuration Debug for project Sensors ****
make all 
make: Nothing to be done for 'all'.
01:34:21 **** Incremental Build of configuration Debug for project Simulation ****
make all 
make: Nothing to be done for 'all'.
01:41:26 **** Incremental Build of configuration Debug for project ADR ****
make all 
Building file: ../src/ADR.cpp
Invoking: GCC C++ Compiler
g++ -O0 -g3 -Wall -c -fmessage-length=0 -MMD -MP -MF"src/ADR.d" -MT"src/ADR.o" -o "src/ADR.o" "../src/ADR.cpp"
Finished building: ../src/ADR.cpp
 
Building file: ../src/main.cpp
Invoking: GCC C++ Compiler
g++ -O0 -g3 -Wall -c -fmessage-length=0 -MMD -MP -MF"src/main.d" -MT"src/main.o" -o "src/main.o" "../src/main.cpp"
Finished building: ../src/main.cpp
 
Building target: ADR
Invoking: GCC C++ Linker
g++  -o "ADR" ./src/ADR.o ./src/main.o    -lmosquitto
Finished building target: ADR
 
01:41:28 **** Incremental Build of configuration Debug for project ECALL ****
make all 
Building file: ../src/main.cpp
Invoking: GCC C++ Compiler
g++ -O0 -g3 -Wall -c -fmessage-length=0 -MMD -MP -MF"src/main.d" -MT"src/main.o" -o "src/main.o" "../src/main.cpp"
Finished building: ../src/main.cpp
 
Building target: ECALL
Invoking: GCC C++ Linker
g++  -o "ECALL" ./src/BitStreamEncoder.o ./src/MSDEncoder.o ./src/Mobile.o ./src/Serial.o ./src/Utilities.o ./src/main.o    -lmosquitto
Finished building target: ECALL
 
01:41:29 **** Incremental Build of configuration Debug for project PSAP ****
make all 
make: Nothing to be done for 'all'.
01:41:29 **** Incremental Build of configuration Debug for project Sensors ****
make all 
make: Nothing to be done for 'all'.
01:41:30 **** Incremental Build of configuration Debug for project Simulation ****
make all 
make: Nothing to be done for 'all'.
01:41:31 **** Incremental Build of configuration Debug for project ADR ****
make all 
make: Nothing to be done for 'all'.
01:41:32 **** Incremental Build of configuration Debug for project ECALL ****
make all 
make: Nothing to be done for 'all'.
01:41:32 **** Incremental Build of configuration Debug for project PSAP ****
make all 
make: Nothing to be done for 'all'.
01:41:32 **** Incremental Build of configuration Debug for project Sensors ****
make all 
make: Nothing to be done for 'all'.
01:41:33 **** Incremental Build of configuration Debug for project Simulation ****
make all 
make: Nothing to be done for 'all'.
01:42:12 **** Incremental Build of configuration Debug for project ADR ****
make all 
make: Nothing to be done for 'all'.
01:42:13 **** Incremental Build of configuration Debug for project ECALL ****
make all 
make: Nothing to be done for 'all'.
01:42:13 **** Incremental Build of configuration Debug for project PSAP ****
make all 
make: Nothing to be done for 'all'.
01:42:13 **** Incremental Build of configuration Debug for project Sensors ****
make all 
make: Nothing to be done for 'all'.
01:42:13 **** Incremental Build of configuration Debug for project Simulation ****
make all 
make: Nothing to be done for 'all'.
